<?xml version="1.0" encoding="UTF-8"?>
<!-- Generated by org.testng.reporters.JUnitReportReporter -->
<testsuite hostname="E14-VMISTRY" failures="0" tests="3" name="com.nbcc.qa.testcases.DocumentUploadPageTest" time="5.088" errors="1" timestamp="2024-12-30T11:15:19 AST" skipped="2">
  <testcase classname="com.nbcc.qa.testcases.DocumentUploadPageTest" name="setUP" time="5.088">
    <error message="session not created: This version of ChromeDriver only supports Chrome version 128
Current browser version is 131.0.6778.140 with binary path C:\Program Files\Google\Chrome\Application\chrome.exe
Build info: version: &#039;3.14.0&#039;, revision: &#039;aacccce0&#039;, time: &#039;2018-08-02T20:19:58.91Z&#039;
System info: host: &#039;E14-VMISTRY&#039;, ip: &#039;10.8.4.89&#039;, os.name: &#039;Windows 10&#039;, os.arch: &#039;amd64&#039;, os.version: &#039;10.0&#039;, java.version: &#039;22.0.2&#039;
Driver info: driver.version: ChromeDriver
remote stacktrace: 	GetHandleVerifier [0x00007FF7B309B632+29090]
	(No symbol) [0x00007FF7B300E6E9]
	(No symbol) [0x00007FF7B2ECB1CA]
	(No symbol) [0x00007FF7B2F0D6B2]
	(No symbol) [0x00007FF7B2F0C751]
	(No symbol) [0x00007FF7B2F0729C]
	(No symbol) [0x00007FF7B2F01E0A]
	(No symbol) [0x00007FF7B2F5236D]
	(No symbol) [0x00007FF7B2F51A20]
	(No symbol) [0x00007FF7B2F46493]
	(No symbol) [0x00007FF7B2F109B1]
	(No symbol) [0x00007FF7B2F11B11]
	GetHandleVerifier [0x00007FF7B33B881D+3294093]
	GetHandleVerifier [0x00007FF7B3404403+3604339]
	GetHandleVerifier [0x00007FF7B33FA2C7+3563063]
	GetHandleVerifier [0x00007FF7B3156F16+797318]
	(No symbol) [0x00007FF7B301986F]
	(No symbol) [0x00007FF7B3015454]
	(No symbol) [0x00007FF7B30155E0]
	(No symbol) [0x00007FF7B3004A7F]
	BaseThreadInitThunk [0x00007FFCEB0A7374+20]
	RtlUserThreadStart [0x00007FFCEB53CC91+33]
" type="org.openqa.selenium.SessionNotCreatedException">
      <![CDATA[org.openqa.selenium.SessionNotCreatedException: session not created: This version of ChromeDriver only supports Chrome version 128
Current browser version is 131.0.6778.140 with binary path C:\Program Files\Google\Chrome\Application\chrome.exe
Build info: version: '3.14.0', revision: 'aacccce0', time: '2018-08-02T20:19:58.91Z'
System info: host: 'E14-VMISTRY', ip: '10.8.4.89', os.name: 'Windows 10', os.arch: 'amd64', os.version: '10.0', java.version: '22.0.2'
Driver info: driver.version: ChromeDriver
remote stacktrace: GetHandleVerifier [0x00007FF7B309B632+29090]
(No symbol) [0x00007FF7B300E6E9]
(No symbol) [0x00007FF7B2ECB1CA]
(No symbol) [0x00007FF7B2F0D6B2]
(No symbol) [0x00007FF7B2F0C751]
(No symbol) [0x00007FF7B2F0729C]
(No symbol) [0x00007FF7B2F01E0A]
(No symbol) [0x00007FF7B2F5236D]
(No symbol) [0x00007FF7B2F51A20]
(No symbol) [0x00007FF7B2F46493]
(No symbol) [0x00007FF7B2F109B1]
(No symbol) [0x00007FF7B2F11B11]
GetHandleVerifier [0x00007FF7B33B881D+3294093]
GetHandleVerifier [0x00007FF7B3404403+3604339]
GetHandleVerifier [0x00007FF7B33FA2C7+3563063]
GetHandleVerifier [0x00007FF7B3156F16+797318]
(No symbol) [0x00007FF7B301986F]
(No symbol) [0x00007FF7B3015454]
(No symbol) [0x00007FF7B30155E0]
(No symbol) [0x00007FF7B3004A7F]
BaseThreadInitThunk [0x00007FFCEB0A7374+20]
RtlUserThreadStart [0x00007FFCEB53CC91+33]

at java.base/jdk.internal.reflect.DirectConstructorHandleAccessor.newInstance(DirectConstructorHandleAccessor.java:62)
at java.base/java.lang.reflect.Constructor.newInstanceWithCaller(Constructor.java:502)
at java.base/java.lang.reflect.Constructor.newInstance(Constructor.java:486)
at org.openqa.selenium.remote.W3CHandshakeResponse.lambda$new$0(W3CHandshakeResponse.java:57)
at org.openqa.selenium.remote.W3CHandshakeResponse.lambda$getResponseFunction$2(W3CHandshakeResponse.java:104)
at org.openqa.selenium.remote.ProtocolHandshake.lambda$createSession$0(ProtocolHandshake.java:122)
at java.base/java.util.stream.ReferencePipeline$3$1.accept(ReferencePipeline.java:212)
at java.base/java.util.Spliterators$ArraySpliterator.tryAdvance(Spliterators.java:1034)
at java.base/java.util.stream.ReferencePipeline.forEachWithCancel(ReferencePipeline.java:144)
at java.base/java.util.stream.AbstractPipeline.copyIntoWithCancel(AbstractPipeline.java:574)
at java.base/java.util.stream.AbstractPipeline.copyInto(AbstractPipeline.java:560)
at java.base/java.util.stream.AbstractPipeline.wrapAndCopyInto(AbstractPipeline.java:546)
at java.base/java.util.stream.FindOps$FindOp.evaluateSequential(FindOps.java:150)
at java.base/java.util.stream.AbstractPipeline.evaluate(AbstractPipeline.java:265)
at java.base/java.util.stream.ReferencePipeline.findFirst(ReferencePipeline.java:662)
at org.openqa.selenium.remote.ProtocolHandshake.createSession(ProtocolHandshake.java:125)
at org.openqa.selenium.remote.ProtocolHandshake.createSession(ProtocolHandshake.java:73)
at org.openqa.selenium.remote.HttpCommandExecutor.execute(HttpCommandExecutor.java:136)
at org.openqa.selenium.remote.service.DriverCommandExecutor.execute(DriverCommandExecutor.java:83)
at org.openqa.selenium.remote.RemoteWebDriver.execute(RemoteWebDriver.java:548)
at org.openqa.selenium.remote.RemoteWebDriver.startSession(RemoteWebDriver.java:212)
at org.openqa.selenium.remote.RemoteWebDriver.<init>(RemoteWebDriver.java:130)
at org.openqa.selenium.chrome.ChromeDriver.<init>(ChromeDriver.java:181)
at org.openqa.selenium.chrome.ChromeDriver.<init>(ChromeDriver.java:168)
at org.openqa.selenium.chrome.ChromeDriver.<init>(ChromeDriver.java:123)
at com.nbcc.qa.base.TestBase.initialization(TestBase.java:53)
at com.nbcc.qa.testcases.DocumentUploadPageTest.setUP(DocumentUploadPageTest.java:31)
at java.base/jdk.internal.reflect.DirectMethodHandleAccessor.invoke(DirectMethodHandleAccessor.java:103)
at java.base/java.lang.reflect.Method.invoke(Method.java:580)
at org.testng.internal.MethodInvocationHelper.invokeMethod(MethodInvocationHelper.java:133)
at org.testng.internal.MethodInvocationHelper.invokeMethodConsideringTimeout(MethodInvocationHelper.java:62)
at org.testng.internal.ConfigInvoker.invokeConfigurationMethod(ConfigInvoker.java:385)
at org.testng.internal.ConfigInvoker.invokeConfigurations(ConfigInvoker.java:321)
at org.testng.internal.TestInvoker.runConfigMethods(TestInvoker.java:700)
at org.testng.internal.TestInvoker.invokeMethod(TestInvoker.java:527)
at org.testng.internal.TestInvoker.invokeTestMethod(TestInvoker.java:173)
at org.testng.internal.MethodRunner.runInSequence(MethodRunner.java:46)
at org.testng.internal.TestInvoker$MethodInvocationAgent.invoke(TestInvoker.java:824)
at org.testng.internal.TestInvoker.invokeTestMethods(TestInvoker.java:146)
at org.testng.internal.TestMethodWorker.invokeTestMethods(TestMethodWorker.java:146)
at org.testng.internal.TestMethodWorker.run(TestMethodWorker.java:128)
at java.base/java.util.ArrayList.forEach(ArrayList.java:1597)
at org.testng.TestRunner.privateRun(TestRunner.java:794)
at org.testng.TestRunner.run(TestRunner.java:596)
at org.testng.SuiteRunner.runTest(SuiteRunner.java:377)
at org.testng.SuiteRunner.runSequentially(SuiteRunner.java:371)
at org.testng.SuiteRunner.privateRun(SuiteRunner.java:332)
at org.testng.SuiteRunner.run(SuiteRunner.java:276)
at org.testng.SuiteRunnerWorker.runSuite(SuiteRunnerWorker.java:53)
at org.testng.SuiteRunnerWorker.run(SuiteRunnerWorker.java:96)
at org.testng.TestNG.runSuitesSequentially(TestNG.java:1212)
at org.testng.TestNG.runSuitesLocally(TestNG.java:1134)
at org.testng.TestNG.runSuites(TestNG.java:1063)
at org.testng.TestNG.run(TestNG.java:1031)
at org.testng.remote.AbstractRemoteTestNG.run(AbstractRemoteTestNG.java:115)
at org.testng.remote.RemoteTestNG.initAndRun(RemoteTestNG.java:293)
at org.testng.remote.RemoteTestNG.main(RemoteTestNG.java:91)
]]>
    </error>
  </testcase> <!-- setUP -->
  <system-out/>
  <testcase classname="com.nbcc.qa.testcases.DocumentUploadPageTest" name="verifyDocumentPageTitle" time="0.000">
    <skipped/>
  </testcase> <!-- verifyDocumentPageTitle -->
  <system-out/>
  <testcase classname="com.nbcc.qa.testcases.DocumentUploadPageTest" name="verifyAddAttachment" time="0.000">
    <skipped/>
  </testcase> <!-- verifyAddAttachment -->
  <system-out/>
</testsuite> <!-- com.nbcc.qa.testcases.DocumentUploadPageTest -->
