<?xml version="1.0" encoding="UTF-8"?>
<!-- Generated by org.testng.reporters.JUnitXMLReporter -->
<testsuite ignored="0" hostname="E14-VMISTRY" failures="0" tests="19" name="NBCC Test" time="0.176" errors="0" timestamp="2025-04-09T12:53:05 ADT">
  <testcase classname="com.nbcc.qa.testcases.HomePageTest" name="@BeforeMethod setUP" time="0.006">
    <failure type="java.lang.NullPointerException" message="Cannot invoke &amp;quot;org.openqa.selenium.WebDriver.manage()&amp;quot; because &amp;quot;com.nbcc.qa.base.TestBase.driver&amp;quot; is null">
      <![CDATA[java.lang.NullPointerException: Cannot invoke "org.openqa.selenium.WebDriver.manage()" because "com.nbcc.qa.base.TestBase.driver" is null
at com.nbcc.qa.base.TestBase.initialization(TestBase.java:60)
at com.nbcc.qa.testcases.HomePageTest.setUP(HomePageTest.java:38)
at java.base/java.util.ArrayList.forEach(ArrayList.java:1597)
... Removed 29 stack frames]]>
    </failure>
  </testcase> <!-- @BeforeMethod setUP -->
  <testcase classname="com.nbcc.qa.testcases.HomePageTest" name="@AfterMethod tearDown" time="-1.744213985284E9">
    <skipped/>
  </testcase> <!-- @AfterMethod tearDown -->
  <testcase classname="com.nbcc.qa.testcases.HomePageTest" name="@BeforeMethod setUP" time="-1.744213985289E9">
    <skipped/>
  </testcase> <!-- @BeforeMethod setUP -->
  <testcase classname="com.nbcc.qa.testcases.HomePageTest" name="@AfterMethod tearDown" time="-1.744213985295E9">
    <skipped/>
  </testcase> <!-- @AfterMethod tearDown -->
  <testcase classname="com.nbcc.qa.testcases.HomePageTest" name="@BeforeMethod setUP" time="-1.744213985296E9">
    <skipped/>
  </testcase> <!-- @BeforeMethod setUP -->
  <testcase classname="com.nbcc.qa.testcases.HomePageTest" name="@AfterMethod tearDown" time="-1.7442139853E9">
    <skipped/>
  </testcase> <!-- @AfterMethod tearDown -->
  <testcase classname="com.nbcc.qa.testcases.HomePageTest" name="@BeforeMethod setUP" time="-1.744213985302E9">
    <skipped/>
  </testcase> <!-- @BeforeMethod setUP -->
  <testcase classname="com.nbcc.qa.testcases.HomePageTest" name="@AfterMethod tearDown" time="-1.744213985305E9">
    <skipped/>
  </testcase> <!-- @AfterMethod tearDown -->
  <testcase classname="com.nbcc.qa.testcases.HomePageTest" name="@BeforeMethod setUP" time="-1.744213985307E9">
    <skipped/>
  </testcase> <!-- @BeforeMethod setUP -->
  <testcase classname="com.nbcc.qa.testcases.HomePageTest" name="@AfterMethod tearDown" time="-1.74421398531E9">
    <skipped/>
  </testcase> <!-- @AfterMethod tearDown -->
  <testcase classname="com.nbcc.qa.testcases.HomePageTest" name="@BeforeMethod setUP" time="-1.744213985312E9">
    <skipped/>
  </testcase> <!-- @BeforeMethod setUP -->
  <testcase classname="com.nbcc.qa.testcases.HomePageTest" name="@AfterMethod tearDown" time="-1.744213985316E9">
    <skipped/>
  </testcase> <!-- @AfterMethod tearDown -->
  <testcase classname="com.nbcc.qa.testcases.LoginPageTest" name="@BeforeMethod setUP" time="0.0">
    <failure type="java.lang.NullPointerException" message="Cannot invoke &amp;quot;org.openqa.selenium.WebDriver.manage()&amp;quot; because &amp;quot;com.nbcc.qa.base.TestBase.driver&amp;quot; is null">
      <![CDATA[java.lang.NullPointerException: Cannot invoke "org.openqa.selenium.WebDriver.manage()" because "com.nbcc.qa.base.TestBase.driver" is null
at com.nbcc.qa.base.TestBase.initialization(TestBase.java:60)
at com.nbcc.qa.testcases.LoginPageTest.setUP(LoginPageTest.java:28)
at java.base/java.util.ArrayList.forEach(ArrayList.java:1597)
... Removed 29 stack frames]]>
    </failure>
  </testcase> <!-- @BeforeMethod setUP -->
  <testcase classname="com.nbcc.qa.testcases.LoginPageTest" name="@AfterMethod tearDown" time="-1.744213985324E9">
    <skipped/>
  </testcase> <!-- @AfterMethod tearDown -->
  <testcase classname="com.nbcc.qa.testcases.LoginPageTest" name="@BeforeMethod setUP" time="-1.744213985326E9">
    <skipped/>
  </testcase> <!-- @BeforeMethod setUP -->
  <testcase classname="com.nbcc.qa.testcases.LoginPageTest" name="@AfterMethod tearDown" time="-1.744213985331E9">
    <skipped/>
  </testcase> <!-- @AfterMethod tearDown -->
  <testcase classname="com.nbcc.qa.testcases.LoginPageTest" name="@BeforeMethod setUP" time="-1.744213985332E9">
    <skipped/>
  </testcase> <!-- @BeforeMethod setUP -->
  <testcase classname="com.nbcc.qa.testcases.LoginPageTest" name="@AfterMethod tearDown" time="-1.744213985334E9">
    <skipped/>
  </testcase> <!-- @AfterMethod tearDown -->
  <testcase classname="com.nbcc.qa.testcases.RefundPageTest" name="@BeforeMethod setUP" time="0.001">
    <failure type="java.lang.NullPointerException" message="Cannot invoke &amp;quot;org.openqa.selenium.WebDriver.manage()&amp;quot; because &amp;quot;com.nbcc.qa.base.TestBase.driver&amp;quot; is null">
      <![CDATA[java.lang.NullPointerException: Cannot invoke "org.openqa.selenium.WebDriver.manage()" because "com.nbcc.qa.base.TestBase.driver" is null
at com.nbcc.qa.base.TestBase.initialization(TestBase.java:60)
at com.nbcc.qa.testcases.RefundPageTest.setUP(RefundPageTest.java:41)
at java.base/java.util.ArrayList.forEach(ArrayList.java:1597)
... Removed 29 stack frames]]>
    </failure>
  </testcase> <!-- @BeforeMethod setUP -->
  <testcase classname="com.nbcc.qa.testcases.RefundPageTest" name="@AfterMethod tearDown" time="-1.74421398534E9">
    <skipped/>
  </testcase> <!-- @AfterMethod tearDown -->
  <testcase classname="com.nbcc.qa.testcases.RefundPageTest" name="@BeforeMethod setUP" time="-1.744213985343E9">
    <skipped/>
  </testcase> <!-- @BeforeMethod setUP -->
  <testcase classname="com.nbcc.qa.testcases.RefundPageTest" name="@AfterMethod tearDown" time="-1.744213985346E9">
    <skipped/>
  </testcase> <!-- @AfterMethod tearDown -->
  <testcase classname="com.nbcc.qa.testcases.RefundPageTest" name="@BeforeMethod setUP" time="-1.744213985348E9">
    <skipped/>
  </testcase> <!-- @BeforeMethod setUP -->
  <testcase classname="com.nbcc.qa.testcases.RefundPageTest" name="@AfterMethod tearDown" time="-1.744213985352E9">
    <skipped/>
  </testcase> <!-- @AfterMethod tearDown -->
  <testcase classname="com.nbcc.qa.testcases.RefundPageTest" name="@BeforeMethod setUP" time="-1.744213985354E9">
    <skipped/>
  </testcase> <!-- @BeforeMethod setUP -->
  <testcase classname="com.nbcc.qa.testcases.RefundPageTest" name="@AfterMethod tearDown" time="-1.744213985356E9">
    <skipped/>
  </testcase> <!-- @AfterMethod tearDown -->
  <testcase classname="com.nbcc.qa.testcases.PaymentPageTest" name="@BeforeMethod setUP" time="0.002">
    <failure type="java.lang.NullPointerException" message="Cannot invoke &amp;quot;org.openqa.selenium.WebDriver.manage()&amp;quot; because &amp;quot;com.nbcc.qa.base.TestBase.driver&amp;quot; is null">
      <![CDATA[java.lang.NullPointerException: Cannot invoke "org.openqa.selenium.WebDriver.manage()" because "com.nbcc.qa.base.TestBase.driver" is null
at com.nbcc.qa.base.TestBase.initialization(TestBase.java:60)
at com.nbcc.qa.testcases.PaymentPageTest.setUP(PaymentPageTest.java:32)
at java.base/java.util.ArrayList.forEach(ArrayList.java:1597)
... Removed 29 stack frames]]>
    </failure>
  </testcase> <!-- @BeforeMethod setUP -->
  <testcase classname="com.nbcc.qa.testcases.PaymentPageTest" name="@AfterMethod tearDown" time="-1.744213985363E9">
    <skipped/>
  </testcase> <!-- @AfterMethod tearDown -->
  <testcase classname="com.nbcc.qa.testcases.PaymentPageTest" name="@BeforeMethod setUP" time="-1.744213985365E9">
    <skipped/>
  </testcase> <!-- @BeforeMethod setUP -->
  <testcase classname="com.nbcc.qa.testcases.PaymentPageTest" name="@AfterMethod tearDown" time="-1.744213985367E9">
    <skipped/>
  </testcase> <!-- @AfterMethod tearDown -->
  <testcase classname="com.nbcc.qa.testcases.PaymentPageTest" name="@BeforeMethod setUP" time="-1.744213985369E9">
    <skipped/>
  </testcase> <!-- @BeforeMethod setUP -->
  <testcase classname="com.nbcc.qa.testcases.PaymentPageTest" name="@AfterMethod tearDown" time="-1.744213985373E9">
    <skipped/>
  </testcase> <!-- @AfterMethod tearDown -->
  <testcase classname="com.nbcc.qa.testcases.StudentSelfSerivceTest" name="@BeforeMethod setUP" time="0.001">
    <failure type="java.lang.NullPointerException" message="Cannot invoke &amp;quot;org.openqa.selenium.WebDriver.manage()&amp;quot; because &amp;quot;com.nbcc.qa.base.TestBase.driver&amp;quot; is null">
      <![CDATA[java.lang.NullPointerException: Cannot invoke "org.openqa.selenium.WebDriver.manage()" because "com.nbcc.qa.base.TestBase.driver" is null
at com.nbcc.qa.base.TestBase.initialization(TestBase.java:60)
at com.nbcc.qa.testcases.StudentSelfSerivceTest.setUP(StudentSelfSerivceTest.java:37)
at java.base/java.util.ArrayList.forEach(ArrayList.java:1597)
... Removed 29 stack frames]]>
    </failure>
  </testcase> <!-- @BeforeMethod setUP -->
  <testcase classname="com.nbcc.qa.testcases.StudentSelfSerivceTest" name="@AfterMethod tearDown" time="-1.744213985379E9">
    <skipped/>
  </testcase> <!-- @AfterMethod tearDown -->
  <testcase classname="com.nbcc.qa.testcases.StudentSelfSerivceTest" name="@BeforeMethod setUP" time="-1.74421398538E9">
    <skipped/>
  </testcase> <!-- @BeforeMethod setUP -->
  <testcase classname="com.nbcc.qa.testcases.StudentSelfSerivceTest" name="@AfterMethod tearDown" time="-1.744213985386E9">
    <skipped/>
  </testcase> <!-- @AfterMethod tearDown -->
  <testcase classname="com.nbcc.qa.testcases.StudentSelfSerivceTest" name="@BeforeMethod setUP" time="-1.744213985388E9">
    <skipped/>
  </testcase> <!-- @BeforeMethod setUP -->
  <testcase classname="com.nbcc.qa.testcases.StudentSelfSerivceTest" name="@AfterMethod tearDown" time="-1.744213985391E9">
    <skipped/>
  </testcase> <!-- @AfterMethod tearDown -->
  <testcase classname="com.nbcc.qa.testcases.HomePageTest" name="verifyHomePageTitleTest" time="0.0">
    <skipped/>
  </testcase> <!-- verifyHomePageTitleTest -->
  <testcase classname="com.nbcc.qa.testcases.HomePageTest" name="verifyUserName" time="0.0">
    <skipped/>
  </testcase> <!-- verifyUserName -->
  <testcase classname="com.nbcc.qa.testcases.HomePageTest" name="verifyRefundPagelink" time="0.0">
    <skipped/>
  </testcase> <!-- verifyRefundPagelink -->
  <testcase classname="com.nbcc.qa.testcases.HomePageTest" name="verifyPaymentPageLink" time="0.0">
    <skipped/>
  </testcase> <!-- verifyPaymentPageLink -->
  <testcase classname="com.nbcc.qa.testcases.HomePageTest" name="verifyStudentSelfPageLink" time="0.0">
    <skipped/>
  </testcase> <!-- verifyStudentSelfPageLink -->
  <testcase classname="com.nbcc.qa.testcases.HomePageTest" name="verifyDocumentPageLink" time="0.0">
    <skipped/>
  </testcase> <!-- verifyDocumentPageLink -->
  <testcase classname="com.nbcc.qa.testcases.LoginPageTest" name="loginPageTitleTest" time="0.0">
    <skipped/>
  </testcase> <!-- loginPageTitleTest -->
  <testcase classname="com.nbcc.qa.testcases.LoginPageTest" name="NbccLogoImageTest" time="0.0">
    <skipped/>
  </testcase> <!-- NbccLogoImageTest -->
  <testcase classname="com.nbcc.qa.testcases.LoginPageTest" name="signinTest" time="0.0">
    <skipped/>
  </testcase> <!-- signinTest -->
  <testcase classname="com.nbcc.qa.testcases.RefundPageTest" name="verifyRefundPageLabel" time="0.0">
    <skipped/>
  </testcase> <!-- verifyRefundPageLabel -->
  <testcase classname="com.nbcc.qa.testcases.RefundPageTest" name="verifyRefundAmount" time="0.0">
    <skipped/>
  </testcase> <!-- verifyRefundAmount -->
  <testcase classname="com.nbcc.qa.testcases.RefundPageTest" name="verifyNewWindow" time="0.0">
    <skipped/>
  </testcase> <!-- verifyNewWindow -->
  <testcase classname="com.nbcc.qa.testcases.RefundPageTest" name="verifypersonalizepagelink" time="0.0">
    <skipped/>
  </testcase> <!-- verifypersonalizepagelink -->
  <testcase classname="com.nbcc.qa.testcases.PaymentPageTest" name="verifypaymentpageLabel" time="0.0">
    <skipped/>
  </testcase> <!-- verifypaymentpageLabel -->
  <testcase classname="com.nbcc.qa.testcases.PaymentPageTest" name="verifyaccounttexttest" time="0.0">
    <skipped/>
  </testcase> <!-- verifyaccounttexttest -->
  <testcase classname="com.nbcc.qa.testcases.PaymentPageTest" name="verifyelectronicpurchaselink" time="0.0">
    <skipped/>
  </testcase> <!-- verifyelectronicpurchaselink -->
  <testcase classname="com.nbcc.qa.testcases.StudentSelfSerivceTest" name="verifyNotificationText" time="0.0">
    <skipped/>
  </testcase> <!-- verifyNotificationText -->
  <testcase classname="com.nbcc.qa.testcases.StudentSelfSerivceTest" name="verifyAcademicTitle" time="0.0">
    <skipped/>
  </testcase> <!-- verifyAcademicTitle -->
  <testcase classname="com.nbcc.qa.testcases.StudentSelfSerivceTest" name="verifyseachclassbutton" time="0.0">
    <skipped/>
  </testcase> <!-- verifyseachclassbutton -->
</testsuite> <!-- NBCC Test -->
